c:\users\administrator\desktop\c++11(2)\consoleapplication1\consoleapplication1\debug\vc120.pdb
c:\users\administrator\desktop\c++11(2)\consoleapplication1\consoleapplication1\debug\vc120.idb
c:\users\administrator\desktop\c++11(2)\consoleapplication1\consoleapplication1\debug\main.obj
c:\users\administrator\desktop\c++11(2)\consoleapplication1\debug\consoleapplication1.pdb
c:\users\administrator\desktop\c++11(2)\consoleapplication1\consoleapplication1\debug\consolea.d50c3bd5.tlog\cl.command.1.tlog
c:\users\administrator\desktop\c++11(2)\consoleapplication1\consoleapplication1\debug\consolea.d50c3bd5.tlog\cl.read.1.tlog
c:\users\administrator\desktop\c++11(2)\consoleapplication1\consoleapplication1\debug\consolea.d50c3bd5.tlog\cl.write.1.tlog
c:\users\administrator\desktop\c++11(2)\consoleapplication1\consoleapplication1\debug\consolea.d50c3bd5.tlog\link-cvtres.read.1.tlog
c:\users\administrator\desktop\c++11(2)\consoleapplication1\consoleapplication1\debug\consolea.d50c3bd5.tlog\link-cvtres.write.1.tlog
c:\users\administrator\desktop\c++11(2)\consoleapplication1\consoleapplication1\debug\consolea.d50c3bd5.tlog\link-rc.read.1.tlog
c:\users\administrator\desktop\c++11(2)\consoleapplication1\consoleapplication1\debug\consolea.d50c3bd5.tlog\link-rc.write.1.tlog
c:\users\administrator\desktop\c++11(2)\consoleapplication1\consoleapplication1\debug\consolea.d50c3bd5.tlog\link.52672-cvtres.read.1.tlog
c:\users\administrator\desktop\c++11(2)\consoleapplication1\consoleapplication1\debug\consolea.d50c3bd5.tlog\link.52672-cvtres.write.1.tlog
c:\users\administrator\desktop\c++11(2)\consoleapplication1\consoleapplication1\debug\consolea.d50c3bd5.tlog\link.52672-rc.read.1.tlog
c:\users\administrator\desktop\c++11(2)\consoleapplication1\consoleapplication1\debug\consolea.d50c3bd5.tlog\link.52672-rc.write.1.tlog
c:\users\administrator\desktop\c++11(2)\consoleapplication1\consoleapplication1\debug\consolea.d50c3bd5.tlog\link.52672.read.1.tlog
c:\users\administrator\desktop\c++11(2)\consoleapplication1\consoleapplication1\debug\consolea.d50c3bd5.tlog\link.52672.write.1.tlog
c:\users\administrator\desktop\c++11(2)\consoleapplication1\consoleapplication1\debug\consolea.d50c3bd5.tlog\link.command.1.tlog
c:\users\administrator\desktop\c++11(2)\consoleapplication1\consoleapplication1\debug\consolea.d50c3bd5.tlog\link.read.1.tlog
c:\users\administrator\desktop\c++11(2)\consoleapplication1\consoleapplication1\debug\consolea.d50c3bd5.tlog\link.write.1.tlog
